--------------------
./configure --prefix=/var/www/Dafang-OpenSSL/zlib/_install CC=/var/www/Dafang-OpenSSL/mips-gcc472-glibc216-64bit/bin/mips-linux-gnu-gcc
Mi 1. Nov 15:19:26 CET 2017
unknown option: CC=/var/www/Dafang-OpenSSL/mips-gcc472-glibc216-64bit/bin/mips-linux-gnu-gcc
./configure --help for help
** ./configure aborting.
--------------------


--------------------
./configure --prefix=/var/www/Dafang-OpenSSL/zlib/_install
Mi 1. Nov 15:19:48 CET 2017
Checking for gcc...
=== ztest13563.c ===
extern int getchar();
int hello() {return getchar();}
===
gcc -c ztest13563.c
... using gcc

Checking for obsessive-compulsive compiler options...
=== ztest13563.c ===
int foo() { return 0; }
===
gcc -c -O3 ztest13563.c

Checking for shared library support...
=== ztest13563.c ===
extern int getchar();
int hello() {return getchar();}
===
gcc -w -c -O3 -fPIC ztest13563.c
gcc -shared -Wl,-soname,libz.so.1,--version-script,zlib.map -O3 -fPIC -o ztest13563.so ztest13563.o
Building shared library libz.so.1.2.11 with gcc.

=== ztest13563.c ===
#include <stdio.h>
#include <stdlib.h>
size_t dummy = 0;
===
gcc -c -O3 ztest13563.c
Checking for size_t... Yes.


=== ztest13563.c ===
#include <sys/types.h>
off64_t dummy = 0;
===
gcc -c -O3 -D_LARGEFILE64_SOURCE=1 ztest13563.c
Checking for off64_t... Yes.
Checking for fseeko... Yes.

=== ztest13563.c ===
#include <string.h>
#include <errno.h>
int main() { return strlen(strerror(errno)); }
===
gcc -O3 -D_LARGEFILE64_SOURCE=1 -o ztest13563 ztest13563.c
Checking for strerror... Yes.

=== ztest13563.c ===
#include <unistd.h>
int main() { return 0; }
===
gcc -c -O3 -D_LARGEFILE64_SOURCE=1 ztest13563.c
Checking for unistd.h... Yes.

=== ztest13563.c ===
#include <stdarg.h>
int main() { return 0; }
===
gcc -c -O3 -D_LARGEFILE64_SOURCE=1 ztest13563.c
Checking for stdarg.h... Yes.

=== ztest13563.c ===
#include <stdio.h>
#include <stdarg.h>
#include "zconf.h"
int main()
{
#ifndef STDC
  choke me
#endif
  return 0;
}
===
gcc -c -O3 -D_LARGEFILE64_SOURCE=1 ztest13563.c
Checking whether to use vs[n]printf() or s[n]printf()... using vs[n]printf().

=== ztest13563.c ===
#include <stdio.h>
#include <stdarg.h>
int mytest(const char *fmt, ...)
{
  char buf[20];
  va_list ap;
  va_start(ap, fmt);
  vsnprintf(buf, sizeof(buf), fmt, ap);
  va_end(ap);
  return 0;
}
int main()
{
  return (mytest("Hello%d\n", 1));
}
===
gcc -O3 -D_LARGEFILE64_SOURCE=1 -o ztest13563 ztest13563.c
Checking for vsnprintf() in stdio.h... Yes.

=== ztest13563.c ===
#include <stdio.h>
#include <stdarg.h>
int mytest(const char *fmt, ...)
{
  int n;
  char buf[20];
  va_list ap;
  va_start(ap, fmt);
  n = vsnprintf(buf, sizeof(buf), fmt, ap);
  va_end(ap);
  return n;
}
int main()
{
  return (mytest("Hello%d\n", 1));
}
===
gcc -c -O3 -D_LARGEFILE64_SOURCE=1 ztest13563.c
Checking for return value of vsnprintf()... Yes.

=== ztest13563.c ===
#define ZLIB_INTERNAL __attribute__((visibility ("hidden")))
int ZLIB_INTERNAL foo;
int main()
{
  return 0;
}
===
gcc -c -O3 -D_LARGEFILE64_SOURCE=1 ztest13563.c
Checking for attribute(visibility) support... Yes.

ALL = static shared all64
AR = ar
ARFLAGS = rc
CC = gcc
CFLAGS = -O3 -D_LARGEFILE64_SOURCE=1 -DHAVE_HIDDEN
CPP = gcc -E
EXE =
LDCONFIG = ldconfig
LDFLAGS =
LDSHARED = gcc -shared -Wl,-soname,libz.so.1,--version-script,zlib.map
LDSHAREDLIBC = -lc
OBJC = $(OBJZ) $(OBJG)
PIC_OBJC = $(PIC_OBJZ) $(PIC_OBJG)
RANLIB = ranlib
SFLAGS = -O3 -fPIC -D_LARGEFILE64_SOURCE=1 -DHAVE_HIDDEN
SHAREDLIB = libz.so
SHAREDLIBM = libz.so.1
SHAREDLIBV = libz.so.1.2.11
STATICLIB = libz.a
TEST = all teststatic testshared test64
VER = 1.2.11
Z_U4 =
SRCDIR =
exec_prefix = ${prefix}
includedir = ${prefix}/include
libdir = ${exec_prefix}/lib
mandir = ${prefix}/share/man
prefix = /var/www/Dafang-OpenSSL/zlib/_install
sharedlibdir = ${libdir}
uname = Linux
--------------------


--------------------
./configure --prefix=/var/www/Dafang-OpenSSL/zlib/_install
Mi 1. Nov 15:21:15 CET 2017
Checking for gcc...
=== ztest14070.c ===
extern int getchar();
int hello() {return getchar();}
===
gcc -c ztest14070.c
... using gcc

Checking for obsessive-compulsive compiler options...
=== ztest14070.c ===
int foo() { return 0; }
===
gcc -c -O3 ztest14070.c

Checking for shared library support...
=== ztest14070.c ===
extern int getchar();
int hello() {return getchar();}
===
gcc -w -c -O3 -fPIC ztest14070.c
gcc -shared -Wl,-soname,libz.so.1,--version-script,zlib.map -O3 -fPIC -o ztest14070.so ztest14070.o
Building shared library libz.so.1.2.11 with gcc.

=== ztest14070.c ===
#include <stdio.h>
#include <stdlib.h>
size_t dummy = 0;
===
gcc -c -O3 ztest14070.c
Checking for size_t... Yes.


=== ztest14070.c ===
#include <sys/types.h>
off64_t dummy = 0;
===
gcc -c -O3 -D_LARGEFILE64_SOURCE=1 ztest14070.c
Checking for off64_t... Yes.
Checking for fseeko... Yes.

=== ztest14070.c ===
#include <string.h>
#include <errno.h>
int main() { return strlen(strerror(errno)); }
===
gcc -O3 -D_LARGEFILE64_SOURCE=1 -o ztest14070 ztest14070.c
Checking for strerror... Yes.

=== ztest14070.c ===
#include <unistd.h>
int main() { return 0; }
===
gcc -c -O3 -D_LARGEFILE64_SOURCE=1 ztest14070.c
Checking for unistd.h... Yes.

=== ztest14070.c ===
#include <stdarg.h>
int main() { return 0; }
===
gcc -c -O3 -D_LARGEFILE64_SOURCE=1 ztest14070.c
Checking for stdarg.h... Yes.

=== ztest14070.c ===
#include <stdio.h>
#include <stdarg.h>
#include "zconf.h"
int main()
{
#ifndef STDC
  choke me
#endif
  return 0;
}
===
gcc -c -O3 -D_LARGEFILE64_SOURCE=1 ztest14070.c
Checking whether to use vs[n]printf() or s[n]printf()... using vs[n]printf().

=== ztest14070.c ===
#include <stdio.h>
#include <stdarg.h>
int mytest(const char *fmt, ...)
{
  char buf[20];
  va_list ap;
  va_start(ap, fmt);
  vsnprintf(buf, sizeof(buf), fmt, ap);
  va_end(ap);
  return 0;
}
int main()
{
  return (mytest("Hello%d\n", 1));
}
===
gcc -O3 -D_LARGEFILE64_SOURCE=1 -o ztest14070 ztest14070.c
Checking for vsnprintf() in stdio.h... Yes.

=== ztest14070.c ===
#include <stdio.h>
#include <stdarg.h>
int mytest(const char *fmt, ...)
{
  int n;
  char buf[20];
  va_list ap;
  va_start(ap, fmt);
  n = vsnprintf(buf, sizeof(buf), fmt, ap);
  va_end(ap);
  return n;
}
int main()
{
  return (mytest("Hello%d\n", 1));
}
===
gcc -c -O3 -D_LARGEFILE64_SOURCE=1 ztest14070.c
Checking for return value of vsnprintf()... Yes.

=== ztest14070.c ===
#define ZLIB_INTERNAL __attribute__((visibility ("hidden")))
int ZLIB_INTERNAL foo;
int main()
{
  return 0;
}
===
gcc -c -O3 -D_LARGEFILE64_SOURCE=1 ztest14070.c
Checking for attribute(visibility) support... Yes.

ALL = static shared all64
AR = ar
ARFLAGS = rc
CC = gcc
CFLAGS = -O3 -D_LARGEFILE64_SOURCE=1 -DHAVE_HIDDEN
CPP = gcc -E
EXE =
LDCONFIG = ldconfig
LDFLAGS =
LDSHARED = gcc -shared -Wl,-soname,libz.so.1,--version-script,zlib.map
LDSHAREDLIBC = -lc
OBJC = $(OBJZ) $(OBJG)
PIC_OBJC = $(PIC_OBJZ) $(PIC_OBJG)
RANLIB = ranlib
SFLAGS = -O3 -fPIC -D_LARGEFILE64_SOURCE=1 -DHAVE_HIDDEN
SHAREDLIB = libz.so
SHAREDLIBM = libz.so.1
SHAREDLIBV = libz.so.1.2.11
STATICLIB = libz.a
TEST = all teststatic testshared test64
VER = 1.2.11
Z_U4 =
SRCDIR =
exec_prefix = ${prefix}
includedir = ${prefix}/include
libdir = ${exec_prefix}/lib
mandir = ${prefix}/share/man
prefix = /var/www/Dafang-OpenSSL/zlib/_install
sharedlibdir = ${libdir}
uname = Linux
--------------------


--------------------
./configure --prefix=/var/www/Dafang-OpenSSL/zlib/_install
Mi 1. Nov 15:23:19 CET 2017
=== ztest14731.c ===
extern int getchar();
int hello() {return getchar();}
===
/var/www/Dafang-OpenSSL/mips-gcc472-glibc216-64bit/bin/mips-linux-gnu-gcc -c ztest14731.c
... using gcc

Checking for obsessive-compulsive compiler options...
=== ztest14731.c ===
int foo() { return 0; }
===
/var/www/Dafang-OpenSSL/mips-gcc472-glibc216-64bit/bin/mips-linux-gnu-gcc -c -O3 ztest14731.c

Checking for shared library support...
=== ztest14731.c ===
extern int getchar();
int hello() {return getchar();}
===
/var/www/Dafang-OpenSSL/mips-gcc472-glibc216-64bit/bin/mips-linux-gnu-gcc -w -c -O3 -fPIC ztest14731.c
/var/www/Dafang-OpenSSL/mips-gcc472-glibc216-64bit/bin/mips-linux-gnu-gcc -shared -Wl,-soname,libz.so.1,--version-script,zlib.map -O3 -fPIC -o ztest14731.so ztest14731.o
Building shared library libz.so.1.2.11 with /var/www/Dafang-OpenSSL/mips-gcc472-glibc216-64bit/bin/mips-linux-gnu-gcc.

=== ztest14731.c ===
#include <stdio.h>
#include <stdlib.h>
size_t dummy = 0;
===
/var/www/Dafang-OpenSSL/mips-gcc472-glibc216-64bit/bin/mips-linux-gnu-gcc -c -O3 ztest14731.c
Checking for size_t... Yes.


=== ztest14731.c ===
#include <sys/types.h>
off64_t dummy = 0;
===
/var/www/Dafang-OpenSSL/mips-gcc472-glibc216-64bit/bin/mips-linux-gnu-gcc -c -O3 -D_LARGEFILE64_SOURCE=1 ztest14731.c
Checking for off64_t... Yes.
Checking for fseeko... Yes.

=== ztest14731.c ===
#include <string.h>
#include <errno.h>
int main() { return strlen(strerror(errno)); }
===
/var/www/Dafang-OpenSSL/mips-gcc472-glibc216-64bit/bin/mips-linux-gnu-gcc -O3 -D_LARGEFILE64_SOURCE=1 -o ztest14731 ztest14731.c
Checking for strerror... Yes.

=== ztest14731.c ===
#include <unistd.h>
int main() { return 0; }
===
/var/www/Dafang-OpenSSL/mips-gcc472-glibc216-64bit/bin/mips-linux-gnu-gcc -c -O3 -D_LARGEFILE64_SOURCE=1 ztest14731.c
Checking for unistd.h... Yes.

=== ztest14731.c ===
#include <stdarg.h>
int main() { return 0; }
===
/var/www/Dafang-OpenSSL/mips-gcc472-glibc216-64bit/bin/mips-linux-gnu-gcc -c -O3 -D_LARGEFILE64_SOURCE=1 ztest14731.c
Checking for stdarg.h... Yes.

=== ztest14731.c ===
#include <stdio.h>
#include <stdarg.h>
#include "zconf.h"
int main()
{
#ifndef STDC
  choke me
#endif
  return 0;
}
===
/var/www/Dafang-OpenSSL/mips-gcc472-glibc216-64bit/bin/mips-linux-gnu-gcc -c -O3 -D_LARGEFILE64_SOURCE=1 ztest14731.c
Checking whether to use vs[n]printf() or s[n]printf()... using vs[n]printf().

=== ztest14731.c ===
#include <stdio.h>
#include <stdarg.h>
int mytest(const char *fmt, ...)
{
  char buf[20];
  va_list ap;
  va_start(ap, fmt);
  vsnprintf(buf, sizeof(buf), fmt, ap);
  va_end(ap);
  return 0;
}
int main()
{
  return (mytest("Hello%d\n", 1));
}
===
/var/www/Dafang-OpenSSL/mips-gcc472-glibc216-64bit/bin/mips-linux-gnu-gcc -O3 -D_LARGEFILE64_SOURCE=1 -o ztest14731 ztest14731.c
Checking for vsnprintf() in stdio.h... Yes.

=== ztest14731.c ===
#include <stdio.h>
#include <stdarg.h>
int mytest(const char *fmt, ...)
{
  int n;
  char buf[20];
  va_list ap;
  va_start(ap, fmt);
  n = vsnprintf(buf, sizeof(buf), fmt, ap);
  va_end(ap);
  return n;
}
int main()
{
  return (mytest("Hello%d\n", 1));
}
===
/var/www/Dafang-OpenSSL/mips-gcc472-glibc216-64bit/bin/mips-linux-gnu-gcc -c -O3 -D_LARGEFILE64_SOURCE=1 ztest14731.c
Checking for return value of vsnprintf()... Yes.

=== ztest14731.c ===
#define ZLIB_INTERNAL __attribute__((visibility ("hidden")))
int ZLIB_INTERNAL foo;
int main()
{
  return 0;
}
===
/var/www/Dafang-OpenSSL/mips-gcc472-glibc216-64bit/bin/mips-linux-gnu-gcc -c -O3 -D_LARGEFILE64_SOURCE=1 ztest14731.c
Checking for attribute(visibility) support... Yes.

ALL = static shared all64
AR = ar
ARFLAGS = rc
CC = /var/www/Dafang-OpenSSL/mips-gcc472-glibc216-64bit/bin/mips-linux-gnu-gcc
CFLAGS = -O3 -D_LARGEFILE64_SOURCE=1 -DHAVE_HIDDEN
CPP = /var/www/Dafang-OpenSSL/mips-gcc472-glibc216-64bit/bin/mips-linux-gnu-gcc -E
EXE =
LDCONFIG = ldconfig
LDFLAGS =
LDSHARED = /var/www/Dafang-OpenSSL/mips-gcc472-glibc216-64bit/bin/mips-linux-gnu-gcc -shared -Wl,-soname,libz.so.1,--version-script,zlib.map
LDSHAREDLIBC = -lc
OBJC = $(OBJZ) $(OBJG)
PIC_OBJC = $(PIC_OBJZ) $(PIC_OBJG)
RANLIB = ranlib
SFLAGS = -O3 -fPIC -D_LARGEFILE64_SOURCE=1 -DHAVE_HIDDEN
SHAREDLIB = libz.so
SHAREDLIBM = libz.so.1
SHAREDLIBV = libz.so.1.2.11
STATICLIB = libz.a
TEST = all teststatic testshared test64
VER = 1.2.11
Z_U4 =
SRCDIR =
exec_prefix = ${prefix}
includedir = ${prefix}/include
libdir = ${exec_prefix}/lib
mandir = ${prefix}/share/man
prefix = /var/www/Dafang-OpenSSL/zlib/_install
sharedlibdir = ${libdir}
uname = Linux
--------------------


--------------------
./configure --prefix=/var/www/Dafang-OpenSSL/zlib/_install
Mi 1. Nov 15:23:44 CET 2017
=== ztest15127.c ===
extern int getchar();
int hello() {return getchar();}
===
/var/www/Dafang-OpenSSL/mips-gcc472-glibc216-64bit/bin/mips-linux-gnu-gcc -c ztest15127.c
... using gcc

Checking for obsessive-compulsive compiler options...
=== ztest15127.c ===
int foo() { return 0; }
===
/var/www/Dafang-OpenSSL/mips-gcc472-glibc216-64bit/bin/mips-linux-gnu-gcc -c -O3 ztest15127.c

Checking for shared library support...
=== ztest15127.c ===
extern int getchar();
int hello() {return getchar();}
===
/var/www/Dafang-OpenSSL/mips-gcc472-glibc216-64bit/bin/mips-linux-gnu-gcc -w -c -O3 -fPIC ztest15127.c
/var/www/Dafang-OpenSSL/mips-gcc472-glibc216-64bit/bin/mips-linux-gnu-gcc -shared -Wl,-soname,libz.so.1,--version-script,zlib.map -O3 -fPIC -o ztest15127.so ztest15127.o
Building shared library libz.so.1.2.11 with /var/www/Dafang-OpenSSL/mips-gcc472-glibc216-64bit/bin/mips-linux-gnu-gcc.

=== ztest15127.c ===
#include <stdio.h>
#include <stdlib.h>
size_t dummy = 0;
===
/var/www/Dafang-OpenSSL/mips-gcc472-glibc216-64bit/bin/mips-linux-gnu-gcc -c -O3 ztest15127.c
Checking for size_t... Yes.


=== ztest15127.c ===
#include <sys/types.h>
off64_t dummy = 0;
===
/var/www/Dafang-OpenSSL/mips-gcc472-glibc216-64bit/bin/mips-linux-gnu-gcc -c -O3 -D_LARGEFILE64_SOURCE=1 ztest15127.c
Checking for off64_t... Yes.
Checking for fseeko... Yes.

=== ztest15127.c ===
#include <string.h>
#include <errno.h>
int main() { return strlen(strerror(errno)); }
===
/var/www/Dafang-OpenSSL/mips-gcc472-glibc216-64bit/bin/mips-linux-gnu-gcc -O3 -D_LARGEFILE64_SOURCE=1 -o ztest15127 ztest15127.c
Checking for strerror... Yes.

=== ztest15127.c ===
#include <unistd.h>
int main() { return 0; }
===
/var/www/Dafang-OpenSSL/mips-gcc472-glibc216-64bit/bin/mips-linux-gnu-gcc -c -O3 -D_LARGEFILE64_SOURCE=1 ztest15127.c
Checking for unistd.h... Yes.

=== ztest15127.c ===
#include <stdarg.h>
int main() { return 0; }
===
/var/www/Dafang-OpenSSL/mips-gcc472-glibc216-64bit/bin/mips-linux-gnu-gcc -c -O3 -D_LARGEFILE64_SOURCE=1 ztest15127.c
Checking for stdarg.h... Yes.

=== ztest15127.c ===
#include <stdio.h>
#include <stdarg.h>
#include "zconf.h"
int main()
{
#ifndef STDC
  choke me
#endif
  return 0;
}
===
/var/www/Dafang-OpenSSL/mips-gcc472-glibc216-64bit/bin/mips-linux-gnu-gcc -c -O3 -D_LARGEFILE64_SOURCE=1 ztest15127.c
Checking whether to use vs[n]printf() or s[n]printf()... using vs[n]printf().

=== ztest15127.c ===
#include <stdio.h>
#include <stdarg.h>
int mytest(const char *fmt, ...)
{
  char buf[20];
  va_list ap;
  va_start(ap, fmt);
  vsnprintf(buf, sizeof(buf), fmt, ap);
  va_end(ap);
  return 0;
}
int main()
{
  return (mytest("Hello%d\n", 1));
}
===
/var/www/Dafang-OpenSSL/mips-gcc472-glibc216-64bit/bin/mips-linux-gnu-gcc -O3 -D_LARGEFILE64_SOURCE=1 -o ztest15127 ztest15127.c
Checking for vsnprintf() in stdio.h... Yes.

=== ztest15127.c ===
#include <stdio.h>
#include <stdarg.h>
int mytest(const char *fmt, ...)
{
  int n;
  char buf[20];
  va_list ap;
  va_start(ap, fmt);
  n = vsnprintf(buf, sizeof(buf), fmt, ap);
  va_end(ap);
  return n;
}
int main()
{
  return (mytest("Hello%d\n", 1));
}
===
/var/www/Dafang-OpenSSL/mips-gcc472-glibc216-64bit/bin/mips-linux-gnu-gcc -c -O3 -D_LARGEFILE64_SOURCE=1 ztest15127.c
Checking for return value of vsnprintf()... Yes.

=== ztest15127.c ===
#define ZLIB_INTERNAL __attribute__((visibility ("hidden")))
int ZLIB_INTERNAL foo;
int main()
{
  return 0;
}
===
/var/www/Dafang-OpenSSL/mips-gcc472-glibc216-64bit/bin/mips-linux-gnu-gcc -c -O3 -D_LARGEFILE64_SOURCE=1 ztest15127.c
Checking for attribute(visibility) support... Yes.

ALL = static shared all64
AR = ar
ARFLAGS = rc
CC = /var/www/Dafang-OpenSSL/mips-gcc472-glibc216-64bit/bin/mips-linux-gnu-gcc
CFLAGS = -O3 -D_LARGEFILE64_SOURCE=1 -DHAVE_HIDDEN
CPP = /var/www/Dafang-OpenSSL/mips-gcc472-glibc216-64bit/bin/mips-linux-gnu-gcc -E
EXE =
LDCONFIG = ldconfig
LDFLAGS =
LDSHARED = /var/www/Dafang-OpenSSL/mips-gcc472-glibc216-64bit/bin/mips-linux-gnu-gcc -shared -Wl,-soname,libz.so.1,--version-script,zlib.map
LDSHAREDLIBC = -lc
OBJC = $(OBJZ) $(OBJG)
PIC_OBJC = $(PIC_OBJZ) $(PIC_OBJG)
RANLIB = ranlib
SFLAGS = -O3 -fPIC -D_LARGEFILE64_SOURCE=1 -DHAVE_HIDDEN
SHAREDLIB = libz.so
SHAREDLIBM = libz.so.1
SHAREDLIBV = libz.so.1.2.11
STATICLIB = libz.a
TEST = all teststatic testshared test64
VER = 1.2.11
Z_U4 =
SRCDIR =
exec_prefix = ${prefix}
includedir = ${prefix}/include
libdir = ${exec_prefix}/lib
mandir = ${prefix}/share/man
prefix = /var/www/Dafang-OpenSSL/zlib/_install
sharedlibdir = ${libdir}
uname = Linux
--------------------


--------------------
./configure --prefix=/var/www/Dafang-OpenSSL/zlib/_install
Mi 1. Nov 15:23:53 CET 2017
=== ztest15515.c ===
extern int getchar();
int hello() {return getchar();}
===
/var/www/Dafang-OpenSSL/mips-gcc472-glibc216-64bit/bin/mips-linux-gnu-gcc -c ztest15515.c
... using gcc

Checking for obsessive-compulsive compiler options...
=== ztest15515.c ===
int foo() { return 0; }
===
/var/www/Dafang-OpenSSL/mips-gcc472-glibc216-64bit/bin/mips-linux-gnu-gcc -c -O3 ztest15515.c

Checking for shared library support...
=== ztest15515.c ===
extern int getchar();
int hello() {return getchar();}
===
/var/www/Dafang-OpenSSL/mips-gcc472-glibc216-64bit/bin/mips-linux-gnu-gcc -w -c -O3 -fPIC ztest15515.c
/var/www/Dafang-OpenSSL/mips-gcc472-glibc216-64bit/bin/mips-linux-gnu-gcc -shared -Wl,-soname,libz.so.1,--version-script,zlib.map -O3 -fPIC -o ztest15515.so ztest15515.o
Building shared library libz.so.1.2.11 with /var/www/Dafang-OpenSSL/mips-gcc472-glibc216-64bit/bin/mips-linux-gnu-gcc.

=== ztest15515.c ===
#include <stdio.h>
#include <stdlib.h>
size_t dummy = 0;
===
/var/www/Dafang-OpenSSL/mips-gcc472-glibc216-64bit/bin/mips-linux-gnu-gcc -c -O3 ztest15515.c
Checking for size_t... Yes.


=== ztest15515.c ===
#include <sys/types.h>
off64_t dummy = 0;
===
/var/www/Dafang-OpenSSL/mips-gcc472-glibc216-64bit/bin/mips-linux-gnu-gcc -c -O3 -D_LARGEFILE64_SOURCE=1 ztest15515.c
Checking for off64_t... Yes.
Checking for fseeko... Yes.

=== ztest15515.c ===
#include <string.h>
#include <errno.h>
int main() { return strlen(strerror(errno)); }
===
/var/www/Dafang-OpenSSL/mips-gcc472-glibc216-64bit/bin/mips-linux-gnu-gcc -O3 -D_LARGEFILE64_SOURCE=1 -o ztest15515 ztest15515.c
Checking for strerror... Yes.

=== ztest15515.c ===
#include <unistd.h>
int main() { return 0; }
===
/var/www/Dafang-OpenSSL/mips-gcc472-glibc216-64bit/bin/mips-linux-gnu-gcc -c -O3 -D_LARGEFILE64_SOURCE=1 ztest15515.c
Checking for unistd.h... Yes.

=== ztest15515.c ===
#include <stdarg.h>
int main() { return 0; }
===
/var/www/Dafang-OpenSSL/mips-gcc472-glibc216-64bit/bin/mips-linux-gnu-gcc -c -O3 -D_LARGEFILE64_SOURCE=1 ztest15515.c
Checking for stdarg.h... Yes.

=== ztest15515.c ===
#include <stdio.h>
#include <stdarg.h>
#include "zconf.h"
int main()
{
#ifndef STDC
  choke me
#endif
  return 0;
}
===
/var/www/Dafang-OpenSSL/mips-gcc472-glibc216-64bit/bin/mips-linux-gnu-gcc -c -O3 -D_LARGEFILE64_SOURCE=1 ztest15515.c
Checking whether to use vs[n]printf() or s[n]printf()... using vs[n]printf().

=== ztest15515.c ===
#include <stdio.h>
#include <stdarg.h>
int mytest(const char *fmt, ...)
{
  char buf[20];
  va_list ap;
  va_start(ap, fmt);
  vsnprintf(buf, sizeof(buf), fmt, ap);
  va_end(ap);
  return 0;
}
int main()
{
  return (mytest("Hello%d\n", 1));
}
===
/var/www/Dafang-OpenSSL/mips-gcc472-glibc216-64bit/bin/mips-linux-gnu-gcc -O3 -D_LARGEFILE64_SOURCE=1 -o ztest15515 ztest15515.c
Checking for vsnprintf() in stdio.h... Yes.

=== ztest15515.c ===
#include <stdio.h>
#include <stdarg.h>
int mytest(const char *fmt, ...)
{
  int n;
  char buf[20];
  va_list ap;
  va_start(ap, fmt);
  n = vsnprintf(buf, sizeof(buf), fmt, ap);
  va_end(ap);
  return n;
}
int main()
{
  return (mytest("Hello%d\n", 1));
}
===
/var/www/Dafang-OpenSSL/mips-gcc472-glibc216-64bit/bin/mips-linux-gnu-gcc -c -O3 -D_LARGEFILE64_SOURCE=1 ztest15515.c
Checking for return value of vsnprintf()... Yes.

=== ztest15515.c ===
#define ZLIB_INTERNAL __attribute__((visibility ("hidden")))
int ZLIB_INTERNAL foo;
int main()
{
  return 0;
}
===
/var/www/Dafang-OpenSSL/mips-gcc472-glibc216-64bit/bin/mips-linux-gnu-gcc -c -O3 -D_LARGEFILE64_SOURCE=1 ztest15515.c
Checking for attribute(visibility) support... Yes.

ALL = static shared all64
AR = ar
ARFLAGS = rc
CC = /var/www/Dafang-OpenSSL/mips-gcc472-glibc216-64bit/bin/mips-linux-gnu-gcc
CFLAGS = -O3 -D_LARGEFILE64_SOURCE=1 -DHAVE_HIDDEN
CPP = /var/www/Dafang-OpenSSL/mips-gcc472-glibc216-64bit/bin/mips-linux-gnu-gcc -E
EXE =
LDCONFIG = ldconfig
LDFLAGS =
LDSHARED = /var/www/Dafang-OpenSSL/mips-gcc472-glibc216-64bit/bin/mips-linux-gnu-gcc -shared -Wl,-soname,libz.so.1,--version-script,zlib.map
LDSHAREDLIBC = -lc
OBJC = $(OBJZ) $(OBJG)
PIC_OBJC = $(PIC_OBJZ) $(PIC_OBJG)
RANLIB = ranlib
SFLAGS = -O3 -fPIC -D_LARGEFILE64_SOURCE=1 -DHAVE_HIDDEN
SHAREDLIB = libz.so
SHAREDLIBM = libz.so.1
SHAREDLIBV = libz.so.1.2.11
STATICLIB = libz.a
TEST = all teststatic testshared test64
VER = 1.2.11
Z_U4 =
SRCDIR =
exec_prefix = ${prefix}
includedir = ${prefix}/include
libdir = ${exec_prefix}/lib
mandir = ${prefix}/share/man
prefix = /var/www/Dafang-OpenSSL/zlib/_install
sharedlibdir = ${libdir}
uname = Linux
--------------------


--------------------
./configure --prefix=/var/www/Dropbear-Dafang/zlib/_install
So 12. Nov 00:37:54 CET 2017
=== ztest16311.c ===
extern int getchar();
int hello() {return getchar();}
===
/var/www/Dropbear-Dafang/mips-gcc472-glibc216-64bit/bin/mips-linux-gnu-gcc -c ztest16311.c
... using gcc

Checking for obsessive-compulsive compiler options...
=== ztest16311.c ===
int foo() { return 0; }
===
/var/www/Dropbear-Dafang/mips-gcc472-glibc216-64bit/bin/mips-linux-gnu-gcc -c -muclibc -O2 ztest16311.c

Checking for shared library support...
=== ztest16311.c ===
extern int getchar();
int hello() {return getchar();}
===
/var/www/Dropbear-Dafang/mips-gcc472-glibc216-64bit/bin/mips-linux-gnu-gcc -w -c -muclibc -O2 -fPIC ztest16311.c
/var/www/Dropbear-Dafang/mips-gcc472-glibc216-64bit/bin/mips-linux-gnu-gcc -shared -Wl,-soname,libz.so.1,--version-script,zlib.map -muclibc -O2 -fPIC -o ztest16311.so ztest16311.o
Building shared library libz.so.1.2.11 with /var/www/Dropbear-Dafang/mips-gcc472-glibc216-64bit/bin/mips-linux-gnu-gcc.

=== ztest16311.c ===
#include <stdio.h>
#include <stdlib.h>
size_t dummy = 0;
===
/var/www/Dropbear-Dafang/mips-gcc472-glibc216-64bit/bin/mips-linux-gnu-gcc -c -muclibc -O2 ztest16311.c
Checking for size_t... Yes.


=== ztest16311.c ===
#include <sys/types.h>
off64_t dummy = 0;
===
/var/www/Dropbear-Dafang/mips-gcc472-glibc216-64bit/bin/mips-linux-gnu-gcc -c -muclibc -O2 -D_LARGEFILE64_SOURCE=1 ztest16311.c
Checking for off64_t... Yes.
Checking for fseeko... Yes.

=== ztest16311.c ===
#include <string.h>
#include <errno.h>
int main() { return strlen(strerror(errno)); }
===
/var/www/Dropbear-Dafang/mips-gcc472-glibc216-64bit/bin/mips-linux-gnu-gcc -muclibc -O2 -D_LARGEFILE64_SOURCE=1 -o ztest16311 ztest16311.c
Checking for strerror... Yes.

=== ztest16311.c ===
#include <unistd.h>
int main() { return 0; }
===
/var/www/Dropbear-Dafang/mips-gcc472-glibc216-64bit/bin/mips-linux-gnu-gcc -c -muclibc -O2 -D_LARGEFILE64_SOURCE=1 ztest16311.c
Checking for unistd.h... Yes.

=== ztest16311.c ===
#include <stdarg.h>
int main() { return 0; }
===
/var/www/Dropbear-Dafang/mips-gcc472-glibc216-64bit/bin/mips-linux-gnu-gcc -c -muclibc -O2 -D_LARGEFILE64_SOURCE=1 ztest16311.c
Checking for stdarg.h... Yes.

=== ztest16311.c ===
#include <stdio.h>
#include <stdarg.h>
#include "zconf.h"
int main()
{
#ifndef STDC
  choke me
#endif
  return 0;
}
===
/var/www/Dropbear-Dafang/mips-gcc472-glibc216-64bit/bin/mips-linux-gnu-gcc -c -muclibc -O2 -D_LARGEFILE64_SOURCE=1 ztest16311.c
Checking whether to use vs[n]printf() or s[n]printf()... using vs[n]printf().

=== ztest16311.c ===
#include <stdio.h>
#include <stdarg.h>
int mytest(const char *fmt, ...)
{
  char buf[20];
  va_list ap;
  va_start(ap, fmt);
  vsnprintf(buf, sizeof(buf), fmt, ap);
  va_end(ap);
  return 0;
}
int main()
{
  return (mytest("Hello%d\n", 1));
}
===
/var/www/Dropbear-Dafang/mips-gcc472-glibc216-64bit/bin/mips-linux-gnu-gcc -muclibc -O2 -D_LARGEFILE64_SOURCE=1 -o ztest16311 ztest16311.c
Checking for vsnprintf() in stdio.h... Yes.

=== ztest16311.c ===
#include <stdio.h>
#include <stdarg.h>
int mytest(const char *fmt, ...)
{
  int n;
  char buf[20];
  va_list ap;
  va_start(ap, fmt);
  n = vsnprintf(buf, sizeof(buf), fmt, ap);
  va_end(ap);
  return n;
}
int main()
{
  return (mytest("Hello%d\n", 1));
}
===
/var/www/Dropbear-Dafang/mips-gcc472-glibc216-64bit/bin/mips-linux-gnu-gcc -c -muclibc -O2 -D_LARGEFILE64_SOURCE=1 ztest16311.c
Checking for return value of vsnprintf()... Yes.

=== ztest16311.c ===
#define ZLIB_INTERNAL __attribute__((visibility ("hidden")))
int ZLIB_INTERNAL foo;
int main()
{
  return 0;
}
===
/var/www/Dropbear-Dafang/mips-gcc472-glibc216-64bit/bin/mips-linux-gnu-gcc -c -muclibc -O2 -D_LARGEFILE64_SOURCE=1 ztest16311.c
Checking for attribute(visibility) support... Yes.

ALL = static shared all64
AR = ar
ARFLAGS = rc
CC = /var/www/Dropbear-Dafang/mips-gcc472-glibc216-64bit/bin/mips-linux-gnu-gcc
CFLAGS = -muclibc -O2 -D_LARGEFILE64_SOURCE=1 -DHAVE_HIDDEN
CPP = /var/www/Dropbear-Dafang/mips-gcc472-glibc216-64bit/bin/mips-linux-gnu-gcc -E
EXE =
LDCONFIG = ldconfig
LDFLAGS = -muclibc -O2
LDSHARED = /var/www/Dropbear-Dafang/mips-gcc472-glibc216-64bit/bin/mips-linux-gnu-gcc -shared -Wl,-soname,libz.so.1,--version-script,zlib.map
LDSHAREDLIBC = -lc
OBJC = $(OBJZ) $(OBJG)
PIC_OBJC = $(PIC_OBJZ) $(PIC_OBJG)
RANLIB = ranlib
SFLAGS = -muclibc -O2 -fPIC -D_LARGEFILE64_SOURCE=1 -DHAVE_HIDDEN
SHAREDLIB = libz.so
SHAREDLIBM = libz.so.1
SHAREDLIBV = libz.so.1.2.11
STATICLIB = libz.a
TEST = all teststatic testshared test64
VER = 1.2.11
Z_U4 =
SRCDIR =
exec_prefix = ${prefix}
includedir = ${prefix}/include
libdir = ${exec_prefix}/lib
mandir = ${prefix}/share/man
prefix = /var/www/Dropbear-Dafang/zlib/_install
sharedlibdir = ${libdir}
uname = Linux
--------------------


